TN:
SF:src/quikchat.js
FN:8,(anonymous_0)
FN:8,(anonymous_1)
FN:26,(anonymous_2)
FN:60,(anonymous_3)
FN:88,(anonymous_4)
FN:89,(anonymous_5)
FN:90,(anonymous_6)
FN:91,(anonymous_7)
FN:92,(anonymous_8)
FN:109,(anonymous_9)
FN:116,(anonymous_10)
FN:120,(anonymous_11)
FN:125,(anonymous_12)
FN:129,(anonymous_13)
FN:134,(anonymous_14)
FN:139,(anonymous_15)
FN:144,(anonymous_16)
FN:148,(anonymous_17)
FN:153,(anonymous_18)
FN:158,(anonymous_19)
FN:163,(anonymous_20)
FN:164,(anonymous_21)
FN:165,(anonymous_22)
FN:170,(anonymous_23)
FN:176,(anonymous_24)
FN:185,(anonymous_25)
FN:194,(anonymous_26)
FN:197,(anonymous_27)
FN:201,(anonymous_28)
FN:265,(anonymous_29)
FN:273,(anonymous_30)
FN:288,(anonymous_31)
FN:294,(anonymous_32)
FN:307,(anonymous_33)
FN:312,(anonymous_34)
FN:323,(anonymous_35)
FN:328,(anonymous_36)
FN:339,(anonymous_37)
FN:344,(anonymous_38)
FN:361,(anonymous_39)
FN:366,(anonymous_40)
FN:384,(anonymous_41)
FN:391,(anonymous_42)
FN:409,(anonymous_43)
FN:474,(anonymous_44)
FN:489,(anonymous_45)
FN:493,(anonymous_46)
FN:499,(anonymous_47)
FN:503,(anonymous_48)
FN:511,(anonymous_49)
FN:519,(anonymous_50)
FN:527,(anonymous_51)
FN:535,(anonymous_52)
FN:545,(anonymous_53)
FN:553,(anonymous_54)
FN:575,(anonymous_55)
FN:618,(anonymous_56)
FN:623,(anonymous_57)
FN:646,(anonymous_58)
FN:659,(anonymous_59)
FN:668,(anonymous_60)
FNF:61
FNH:42
FNDA:25,(anonymous_0)
FNDA:0,(anonymous_1)
FNDA:0,(anonymous_2)
FNDA:25,(anonymous_3)
FNDA:25,(anonymous_4)
FNDA:1,(anonymous_5)
FNDA:0,(anonymous_6)
FNDA:0,(anonymous_7)
FNDA:0,(anonymous_8)
FNDA:0,(anonymous_9)
FNDA:1,(anonymous_10)
FNDA:1,(anonymous_11)
FNDA:0,(anonymous_12)
FNDA:1,(anonymous_13)
FNDA:26,(anonymous_14)
FNDA:27,(anonymous_15)
FNDA:1,(anonymous_16)
FNDA:2,(anonymous_17)
FNDA:27,(anonymous_18)
FNDA:2,(anonymous_19)
FNDA:75,(anonymous_20)
FNDA:225,(anonymous_21)
FNDA:1,(anonymous_22)
FNDA:1,(anonymous_23)
FNDA:2,(anonymous_24)
FNDA:27,(anonymous_25)
FNDA:0,(anonymous_26)
FNDA:2,(anonymous_27)
FNDA:18,(anonymous_28)
FNDA:18,(anonymous_29)
FNDA:1,(anonymous_30)
FNDA:1,(anonymous_31)
FNDA:1,(anonymous_32)
FNDA:3,(anonymous_33)
FNDA:3,(anonymous_34)
FNDA:0,(anonymous_35)
FNDA:0,(anonymous_36)
FNDA:1,(anonymous_37)
FNDA:1,(anonymous_38)
FNDA:1,(anonymous_39)
FNDA:1,(anonymous_40)
FNDA:18,(anonymous_41)
FNDA:0,(anonymous_42)
FNDA:18,(anonymous_43)
FNDA:3,(anonymous_44)
FNDA:0,(anonymous_45)
FNDA:1,(anonymous_46)
FNDA:3,(anonymous_47)
FNDA:1,(anonymous_48)
FNDA:1,(anonymous_49)
FNDA:0,(anonymous_50)
FNDA:0,(anonymous_51)
FNDA:1,(anonymous_52)
FNDA:25,(anonymous_53)
FNDA:1,(anonymous_54)
FNDA:1,(anonymous_55)
FNDA:0,(anonymous_56)
FNDA:0,(anonymous_57)
FNDA:0,(anonymous_58)
FNDA:0,(anonymous_59)
FNDA:0,(anonymous_60)
DA:9,25
DA:18,25
DA:20,25
DA:21,0
DA:24,25
DA:25,25
DA:26,25
DA:27,25
DA:29,25
DA:30,25
DA:31,25
DA:32,0
DA:34,25
DA:38,25
DA:39,25
DA:43,25
DA:44,25
DA:45,25
DA:47,0
DA:50,25
DA:51,25
DA:52,25
DA:53,25
DA:56,25
DA:57,25
DA:62,25
DA:75,25
DA:76,25
DA:77,25
DA:78,25
DA:79,25
DA:80,25
DA:81,25
DA:82,25
DA:89,25
DA:90,25
DA:91,25
DA:92,25
DA:95,0
DA:97,0
DA:98,0
DA:99,0
DA:101,0
DA:102,0
DA:103,0
DA:104,0
DA:109,25
DA:110,0
DA:111,0
DA:117,1
DA:121,1
DA:126,0
DA:130,1
DA:131,1
DA:135,26
DA:136,26
DA:140,27
DA:141,27
DA:145,1
DA:149,2
DA:150,2
DA:154,27
DA:155,27
DA:159,2
DA:160,2
DA:164,225
DA:165,75
DA:166,75
DA:167,75
DA:171,1
DA:172,1
DA:173,1
DA:177,2
DA:178,2
DA:179,2
DA:180,2
DA:181,2
DA:186,27
DA:187,26
DA:190,1
DA:192,27
DA:195,0
DA:198,2
DA:202,18
DA:203,18
DA:204,18
DA:205,18
DA:206,18
DA:207,18
DA:208,18
DA:210,18
DA:211,18
DA:212,18
DA:213,18
DA:215,18
DA:216,18
DA:219,18
DA:220,18
DA:221,18
DA:223,18
DA:224,0
DA:226,18
DA:230,18
DA:232,18
DA:233,18
DA:234,18
DA:237,18
DA:238,18
DA:241,18
DA:242,18
DA:243,18
DA:246,18
DA:247,18
DA:249,18
DA:250,18
DA:251,18
DA:252,0
DA:256,18
DA:257,1
DA:260,18
DA:266,18
DA:270,18
DA:275,1
DA:276,1
DA:277,1
DA:278,1
DA:281,0
DA:283,1
DA:288,1
DA:290,1
DA:295,1
DA:297,1
DA:298,1
DA:301,0
DA:303,1
DA:308,3
DA:310,3
DA:312,3
DA:316,0
DA:318,3
DA:324,0
DA:326,0
DA:328,0
DA:331,0
DA:333,0
DA:340,1
DA:341,1
DA:342,1
DA:344,1
DA:345,1
DA:346,1
DA:347,1
DA:350,1
DA:351,1
DA:354,0
DA:356,1
DA:362,1
DA:363,1
DA:364,1
DA:366,1
DA:367,1
DA:368,1
DA:369,1
DA:372,1
DA:373,1
DA:376,0
DA:378,1
DA:385,18
DA:393,0
DA:394,0
DA:395,0
DA:397,0
DA:412,18
DA:416,18
DA:417,18
DA:420,18
DA:423,18
DA:427,18
DA:428,0
DA:429,0
DA:431,18
DA:435,18
DA:438,18
DA:440,0
DA:441,0
DA:444,0
DA:446,0
DA:448,18
DA:449,0
DA:452,18
DA:454,18
DA:457,0
DA:458,0
DA:461,0
DA:463,0
DA:476,3
DA:477,1
DA:478,1
DA:480,3
DA:481,0
DA:486,3
DA:490,0
DA:494,1
DA:495,1
DA:496,1
DA:500,3
DA:504,1
DA:505,1
DA:507,0
DA:512,1
DA:513,1
DA:515,0
DA:521,0
DA:524,0
DA:527,0
DA:528,0
DA:536,1
DA:537,1
DA:538,1
DA:546,25
DA:554,1
DA:576,1
DA:578,1
DA:579,0
DA:582,1
DA:583,1
DA:586,1
DA:589,1
DA:590,0
DA:593,1
DA:595,1
DA:596,0
DA:599,1
DA:600,1
DA:601,1
DA:602,1
DA:605,1
DA:606,0
DA:609,1
DA:610,1
DA:611,1
DA:612,1
DA:615,1
DA:619,0
DA:621,0
DA:623,0
DA:625,0
DA:626,0
DA:629,0
DA:632,0
DA:633,0
DA:634,0
DA:637,0
DA:641,0
DA:643,0
DA:644,0
DA:646,0
DA:647,0
DA:648,0
DA:649,0
DA:652,0
DA:654,0
DA:655,0
DA:661,0
DA:664,0
DA:665,0
DA:668,0
DA:669,0
DA:673,0
DA:676,0
DA:680,0
LF:271
LH:189
BRDA:8,0,0,25
BRDA:8,1,0,25
BRDA:20,2,0,0
BRDA:20,2,1,25
BRDA:26,3,0,25
BRDA:26,3,1,0
BRDA:29,4,0,25
BRDA:29,4,1,0
BRDA:31,5,0,0
BRDA:31,5,1,25
BRDA:38,6,0,25
BRDA:38,6,1,0
BRDA:43,7,0,25
BRDA:43,7,1,0
BRDA:44,8,0,25
BRDA:44,8,1,0
BRDA:51,9,0,25
BRDA:51,9,1,0
BRDA:95,10,0,0
BRDA:95,10,1,0
BRDA:95,11,0,0
BRDA:95,11,1,0
BRDA:97,12,0,0
BRDA:97,12,1,0
BRDA:101,13,0,0
BRDA:101,13,1,0
BRDA:102,14,0,0
BRDA:102,14,1,0
BRDA:126,15,0,0
BRDA:126,15,1,0
BRDA:139,16,0,2
BRDA:150,17,0,1
BRDA:150,17,1,1
BRDA:185,18,0,0
BRDA:186,19,0,26
BRDA:186,19,1,1
BRDA:201,20,0,0
BRDA:208,21,0,5
BRDA:208,21,1,13
BRDA:219,22,0,18
BRDA:219,22,1,0
BRDA:223,23,0,0
BRDA:223,23,1,18
BRDA:223,24,0,18
BRDA:223,24,1,18
BRDA:237,25,0,18
BRDA:237,25,1,0
BRDA:237,26,0,18
BRDA:237,26,1,0
BRDA:246,27,0,0
BRDA:246,27,1,18
BRDA:247,28,0,0
BRDA:247,28,1,18
BRDA:249,29,0,18
BRDA:249,29,1,0
BRDA:251,30,0,0
BRDA:251,30,1,18
BRDA:256,31,0,1
BRDA:256,31,1,17
BRDA:265,32,0,0
BRDA:265,33,0,12
BRDA:265,34,0,18
BRDA:265,35,0,18
BRDA:265,36,0,18
BRDA:283,37,0,1
BRDA:283,37,1,0
BRDA:350,38,0,1
BRDA:350,38,1,0
BRDA:372,39,0,1
BRDA:372,39,1,0
BRDA:393,40,0,0
BRDA:393,40,1,0
BRDA:427,41,0,0
BRDA:427,41,1,18
BRDA:438,42,0,0
BRDA:438,42,1,18
BRDA:438,42,2,0
BRDA:438,42,3,0
BRDA:440,43,0,0
BRDA:440,43,1,0
BRDA:448,44,0,0
BRDA:448,44,1,18
BRDA:457,45,0,0
BRDA:457,45,1,0
BRDA:476,46,0,1
BRDA:476,46,1,2
BRDA:480,47,0,0
BRDA:480,47,1,3
BRDA:481,48,0,0
BRDA:481,48,1,0
BRDA:504,49,0,1
BRDA:504,49,1,0
BRDA:504,50,0,1
BRDA:504,50,1,1
BRDA:512,51,0,1
BRDA:512,51,1,0
BRDA:512,52,0,1
BRDA:512,52,1,1
BRDA:575,53,0,1
BRDA:575,54,0,1
BRDA:578,55,0,0
BRDA:578,55,1,1
BRDA:582,56,0,1
BRDA:582,56,1,0
BRDA:589,57,0,1
BRDA:589,57,1,1
BRDA:595,58,0,0
BRDA:595,58,1,1
BRDA:601,59,0,1
BRDA:601,59,1,0
BRDA:605,60,0,0
BRDA:605,60,1,1
BRDA:609,61,0,1
BRDA:609,61,1,0
BRDA:611,62,0,1
BRDA:611,62,1,0
BRDA:618,63,0,0
BRDA:625,64,0,0
BRDA:625,64,1,0
BRDA:625,65,0,0
BRDA:625,65,1,0
BRDA:629,66,0,0
BRDA:629,66,1,0
BRDA:633,67,0,0
BRDA:633,67,1,0
BRDA:641,68,0,0
BRDA:641,68,1,0
BRDA:647,69,0,0
BRDA:647,69,1,0
BRDA:659,70,0,0
BRDA:659,71,0,0
BRDA:659,72,0,0
BRDA:664,73,0,0
BRDA:664,73,1,0
BRDA:664,74,0,0
BRDA:664,74,1,0
BRDA:668,75,0,0
BRDA:668,75,1,0
BRDA:673,76,0,0
BRDA:673,76,1,0
BRDA:681,77,0,0
BRDA:681,77,1,0
BRF:142
BRH:59
end_of_record
