TN:
SF:src/quikchat.js
FN:8,(anonymous_0)
FN:8,(anonymous_1)
FN:26,(anonymous_2)
FN:60,(anonymous_3)
FN:88,(anonymous_4)
FN:89,(anonymous_5)
FN:90,(anonymous_6)
FN:91,(anonymous_7)
FN:92,(anonymous_8)
FN:109,(anonymous_9)
FN:116,(anonymous_10)
FN:120,(anonymous_11)
FN:125,(anonymous_12)
FN:129,(anonymous_13)
FN:134,(anonymous_14)
FN:139,(anonymous_15)
FN:144,(anonymous_16)
FN:148,(anonymous_17)
FN:153,(anonymous_18)
FN:158,(anonymous_19)
FN:163,(anonymous_20)
FN:164,(anonymous_21)
FN:165,(anonymous_22)
FN:170,(anonymous_23)
FN:176,(anonymous_24)
FN:185,(anonymous_25)
FN:194,(anonymous_26)
FN:197,(anonymous_27)
FN:201,(anonymous_28)
FN:265,(anonymous_29)
FN:273,(anonymous_30)
FN:288,(anonymous_31)
FN:294,(anonymous_32)
FN:307,(anonymous_33)
FN:312,(anonymous_34)
FN:323,(anonymous_35)
FN:328,(anonymous_36)
FN:339,(anonymous_37)
FN:344,(anonymous_38)
FN:361,(anonymous_39)
FN:366,(anonymous_40)
FN:384,(anonymous_41)
FN:396,(anonymous_42)
FN:461,(anonymous_43)
FN:476,(anonymous_44)
FN:480,(anonymous_45)
FN:486,(anonymous_46)
FN:490,(anonymous_47)
FN:498,(anonymous_48)
FN:506,(anonymous_49)
FN:514,(anonymous_50)
FN:522,(anonymous_51)
FN:532,(anonymous_52)
FN:540,(anonymous_53)
FN:562,(anonymous_54)
FN:605,(anonymous_55)
FN:610,(anonymous_56)
FN:633,(anonymous_57)
FNF:58
FNH:42
FNDA:25,(anonymous_0)
FNDA:0,(anonymous_1)
FNDA:0,(anonymous_2)
FNDA:25,(anonymous_3)
FNDA:25,(anonymous_4)
FNDA:1,(anonymous_5)
FNDA:0,(anonymous_6)
FNDA:0,(anonymous_7)
FNDA:0,(anonymous_8)
FNDA:0,(anonymous_9)
FNDA:1,(anonymous_10)
FNDA:1,(anonymous_11)
FNDA:0,(anonymous_12)
FNDA:1,(anonymous_13)
FNDA:26,(anonymous_14)
FNDA:27,(anonymous_15)
FNDA:1,(anonymous_16)
FNDA:2,(anonymous_17)
FNDA:27,(anonymous_18)
FNDA:2,(anonymous_19)
FNDA:75,(anonymous_20)
FNDA:225,(anonymous_21)
FNDA:1,(anonymous_22)
FNDA:1,(anonymous_23)
FNDA:2,(anonymous_24)
FNDA:27,(anonymous_25)
FNDA:0,(anonymous_26)
FNDA:2,(anonymous_27)
FNDA:18,(anonymous_28)
FNDA:18,(anonymous_29)
FNDA:1,(anonymous_30)
FNDA:1,(anonymous_31)
FNDA:1,(anonymous_32)
FNDA:3,(anonymous_33)
FNDA:3,(anonymous_34)
FNDA:0,(anonymous_35)
FNDA:0,(anonymous_36)
FNDA:1,(anonymous_37)
FNDA:1,(anonymous_38)
FNDA:1,(anonymous_39)
FNDA:1,(anonymous_40)
FNDA:18,(anonymous_41)
FNDA:18,(anonymous_42)
FNDA:3,(anonymous_43)
FNDA:0,(anonymous_44)
FNDA:1,(anonymous_45)
FNDA:3,(anonymous_46)
FNDA:1,(anonymous_47)
FNDA:1,(anonymous_48)
FNDA:0,(anonymous_49)
FNDA:0,(anonymous_50)
FNDA:1,(anonymous_51)
FNDA:25,(anonymous_52)
FNDA:1,(anonymous_53)
FNDA:1,(anonymous_54)
FNDA:0,(anonymous_55)
FNDA:0,(anonymous_56)
FNDA:0,(anonymous_57)
DA:9,25
DA:18,25
DA:20,25
DA:21,0
DA:24,25
DA:25,25
DA:26,25
DA:27,25
DA:29,25
DA:30,25
DA:31,25
DA:32,0
DA:34,25
DA:38,25
DA:39,25
DA:43,25
DA:44,25
DA:45,25
DA:47,0
DA:50,25
DA:51,25
DA:52,25
DA:53,25
DA:56,25
DA:57,25
DA:62,25
DA:75,25
DA:76,25
DA:77,25
DA:78,25
DA:79,25
DA:80,25
DA:81,25
DA:82,25
DA:89,25
DA:90,25
DA:91,25
DA:92,25
DA:95,0
DA:97,0
DA:98,0
DA:99,0
DA:101,0
DA:102,0
DA:103,0
DA:104,0
DA:109,25
DA:110,0
DA:111,0
DA:117,1
DA:121,1
DA:126,0
DA:130,1
DA:131,1
DA:135,26
DA:136,26
DA:140,27
DA:141,27
DA:145,1
DA:149,2
DA:150,2
DA:154,27
DA:155,27
DA:159,2
DA:160,2
DA:164,225
DA:165,75
DA:166,75
DA:167,75
DA:171,1
DA:172,1
DA:173,1
DA:177,2
DA:178,2
DA:179,2
DA:180,2
DA:181,2
DA:186,27
DA:187,26
DA:190,1
DA:192,27
DA:195,0
DA:198,2
DA:202,18
DA:203,18
DA:204,18
DA:205,18
DA:206,18
DA:207,18
DA:208,18
DA:210,18
DA:211,18
DA:212,18
DA:213,18
DA:215,18
DA:216,18
DA:219,18
DA:220,18
DA:221,18
DA:223,18
DA:224,0
DA:226,18
DA:230,18
DA:232,18
DA:233,18
DA:234,18
DA:237,18
DA:238,18
DA:241,18
DA:242,18
DA:243,18
DA:246,18
DA:247,18
DA:249,18
DA:250,18
DA:251,18
DA:252,0
DA:256,18
DA:257,1
DA:260,18
DA:266,18
DA:270,18
DA:275,1
DA:276,1
DA:277,1
DA:278,1
DA:281,0
DA:283,1
DA:288,1
DA:290,1
DA:295,1
DA:297,1
DA:298,1
DA:301,0
DA:303,1
DA:308,3
DA:310,3
DA:312,3
DA:316,0
DA:318,3
DA:324,0
DA:326,0
DA:328,0
DA:331,0
DA:333,0
DA:340,1
DA:341,1
DA:342,1
DA:344,1
DA:345,1
DA:346,1
DA:347,1
DA:350,1
DA:351,1
DA:354,0
DA:356,1
DA:362,1
DA:363,1
DA:364,1
DA:366,1
DA:367,1
DA:368,1
DA:369,1
DA:372,1
DA:373,1
DA:376,0
DA:378,1
DA:385,18
DA:399,18
DA:403,18
DA:404,18
DA:407,18
DA:410,18
DA:414,18
DA:415,0
DA:416,0
DA:418,18
DA:422,18
DA:425,18
DA:427,0
DA:428,0
DA:431,0
DA:433,0
DA:435,18
DA:436,0
DA:439,18
DA:441,18
DA:444,0
DA:445,0
DA:448,0
DA:450,0
DA:463,3
DA:464,1
DA:465,1
DA:467,3
DA:468,0
DA:473,3
DA:477,0
DA:481,1
DA:482,1
DA:483,1
DA:487,3
DA:491,1
DA:492,1
DA:494,0
DA:499,1
DA:500,1
DA:502,0
DA:508,0
DA:511,0
DA:514,0
DA:515,0
DA:523,1
DA:524,1
DA:525,1
DA:533,25
DA:541,1
DA:563,1
DA:565,1
DA:566,0
DA:569,1
DA:570,1
DA:573,1
DA:576,1
DA:577,0
DA:580,1
DA:582,1
DA:583,0
DA:586,1
DA:587,1
DA:588,1
DA:589,1
DA:592,1
DA:593,0
DA:596,1
DA:597,1
DA:598,1
DA:599,1
DA:602,1
DA:606,0
DA:608,0
DA:610,0
DA:612,0
DA:613,0
DA:616,0
DA:619,0
DA:620,0
DA:621,0
DA:624,0
DA:628,0
DA:630,0
DA:631,0
DA:633,0
DA:634,0
DA:635,0
DA:636,0
DA:639,0
DA:641,0
DA:642,0
LF:259
LH:189
BRDA:8,0,0,25
BRDA:8,1,0,25
BRDA:20,2,0,0
BRDA:20,2,1,25
BRDA:26,3,0,25
BRDA:26,3,1,0
BRDA:29,4,0,25
BRDA:29,4,1,0
BRDA:31,5,0,0
BRDA:31,5,1,25
BRDA:38,6,0,25
BRDA:38,6,1,0
BRDA:43,7,0,25
BRDA:43,7,1,0
BRDA:44,8,0,25
BRDA:44,8,1,0
BRDA:51,9,0,25
BRDA:51,9,1,0
BRDA:95,10,0,0
BRDA:95,10,1,0
BRDA:95,11,0,0
BRDA:95,11,1,0
BRDA:97,12,0,0
BRDA:97,12,1,0
BRDA:101,13,0,0
BRDA:101,13,1,0
BRDA:102,14,0,0
BRDA:102,14,1,0
BRDA:126,15,0,0
BRDA:126,15,1,0
BRDA:139,16,0,2
BRDA:150,17,0,1
BRDA:150,17,1,1
BRDA:185,18,0,0
BRDA:186,19,0,26
BRDA:186,19,1,1
BRDA:201,20,0,0
BRDA:208,21,0,5
BRDA:208,21,1,13
BRDA:219,22,0,18
BRDA:219,22,1,0
BRDA:223,23,0,0
BRDA:223,23,1,18
BRDA:223,24,0,18
BRDA:223,24,1,18
BRDA:237,25,0,18
BRDA:237,25,1,0
BRDA:237,26,0,18
BRDA:237,26,1,0
BRDA:246,27,0,0
BRDA:246,27,1,18
BRDA:247,28,0,0
BRDA:247,28,1,18
BRDA:249,29,0,18
BRDA:249,29,1,0
BRDA:251,30,0,0
BRDA:251,30,1,18
BRDA:256,31,0,1
BRDA:256,31,1,17
BRDA:265,32,0,0
BRDA:265,33,0,12
BRDA:265,34,0,18
BRDA:265,35,0,18
BRDA:265,36,0,18
BRDA:283,37,0,1
BRDA:283,37,1,0
BRDA:350,38,0,1
BRDA:350,38,1,0
BRDA:372,39,0,1
BRDA:372,39,1,0
BRDA:414,40,0,0
BRDA:414,40,1,18
BRDA:425,41,0,0
BRDA:425,41,1,18
BRDA:425,41,2,0
BRDA:425,41,3,0
BRDA:427,42,0,0
BRDA:427,42,1,0
BRDA:435,43,0,0
BRDA:435,43,1,18
BRDA:444,44,0,0
BRDA:444,44,1,0
BRDA:463,45,0,1
BRDA:463,45,1,2
BRDA:467,46,0,0
BRDA:467,46,1,3
BRDA:468,47,0,0
BRDA:468,47,1,0
BRDA:491,48,0,1
BRDA:491,48,1,0
BRDA:491,49,0,1
BRDA:491,49,1,1
BRDA:499,50,0,1
BRDA:499,50,1,0
BRDA:499,51,0,1
BRDA:499,51,1,1
BRDA:562,52,0,1
BRDA:562,53,0,1
BRDA:565,54,0,0
BRDA:565,54,1,1
BRDA:569,55,0,1
BRDA:569,55,1,0
BRDA:576,56,0,1
BRDA:576,56,1,1
BRDA:582,57,0,0
BRDA:582,57,1,1
BRDA:588,58,0,1
BRDA:588,58,1,0
BRDA:592,59,0,0
BRDA:592,59,1,1
BRDA:596,60,0,1
BRDA:596,60,1,0
BRDA:598,61,0,1
BRDA:598,61,1,0
BRDA:605,62,0,0
BRDA:612,63,0,0
BRDA:612,63,1,0
BRDA:612,64,0,0
BRDA:612,64,1,0
BRDA:616,65,0,0
BRDA:616,65,1,0
BRDA:620,66,0,0
BRDA:620,66,1,0
BRDA:628,67,0,0
BRDA:628,67,1,0
BRDA:634,68,0,0
BRDA:634,68,1,0
BRF:127
BRH:59
end_of_record
